[2017-10-06 13:31:47] request.INFO: Matched route "EmisionesBundle_Cyborg_Save" (parameters: "_controller": "aplicacion\EmisionesBundle\Controller\CyborgController::saveAction", "_route": "EmisionesBundle_Cyborg_Save") [] []
[2017-10-06 13:31:47] security.INFO: Populated SecurityContext with an anonymous Token [] []
[2017-10-06 13:31:47] event.DEBUG: Notified event "kernel.request" to listener "Symfony\Component\HttpKernel\EventListener\ErrorsLoggerListener::injectLogger". [] []
[2017-10-06 13:31:47] event.DEBUG: Notified event "kernel.request" to listener "Symfony\Component\HttpKernel\EventListener\ErrorsLoggerListener::injectLogger". [] []
[2017-10-06 13:31:47] event.DEBUG: Notified event "kernel.request" to listener "Symfony\Component\HttpKernel\EventListener\ErrorsLoggerListener::injectLogger". [] []
[2017-10-06 13:31:47] event.DEBUG: Notified event "kernel.request" to listener "Symfony\Component\HttpKernel\EventListener\DebugHandlersListener::configure". [] []
[2017-10-06 13:31:47] event.DEBUG: Notified event "kernel.request" to listener "Symfony\Bundle\FrameworkBundle\EventListener\SessionListener::onKernelRequest". [] []
[2017-10-06 13:31:47] event.DEBUG: Notified event "kernel.request" to listener "Symfony\Component\HttpKernel\EventListener\FragmentListener::onKernelRequest". [] []
[2017-10-06 13:31:47] event.DEBUG: Notified event "kernel.request" to listener "Symfony\Component\HttpKernel\EventListener\RouterListener::onKernelRequest". [] []
[2017-10-06 13:31:47] event.DEBUG: Notified event "kernel.request" to listener "Symfony\Component\HttpKernel\EventListener\LocaleListener::onKernelRequest". [] []
[2017-10-06 13:31:47] event.DEBUG: Notified event "kernel.request" to listener "Symfony\Component\Security\Http\Firewall::onKernelRequest". [] []
[2017-10-06 13:31:47] event.DEBUG: Notified event "kernel.request" to listener "Stof\DoctrineExtensionsBundle\EventListener\LoggerListener::onKernelRequest". [] []
[2017-10-06 13:31:47] event.DEBUG: Notified event "kernel.controller" to listener "Sensio\Bundle\FrameworkExtraBundle\EventListener\ControllerListener::onKernelController". [] []
[2017-10-06 13:31:47] event.DEBUG: Notified event "kernel.controller" to listener "Sensio\Bundle\FrameworkExtraBundle\EventListener\ParamConverterListener::onKernelController". [] []
[2017-10-06 13:31:47] event.DEBUG: Notified event "kernel.controller" to listener "Sensio\Bundle\FrameworkExtraBundle\EventListener\HttpCacheListener::onKernelController". [] []
[2017-10-06 13:31:47] event.DEBUG: Notified event "kernel.controller" to listener "Sensio\Bundle\FrameworkExtraBundle\EventListener\SecurityListener::onKernelController". [] []
[2017-10-06 13:31:47] event.DEBUG: Notified event "kernel.controller" to listener "Sensio\Bundle\FrameworkExtraBundle\EventListener\TemplateListener::onKernelController". [] []
[2017-10-06 13:31:47] app.ERROR: procesadaEmergencia {"procesadaEmergencia":"0"} []
[2017-10-06 13:31:47] app.ERROR: aerolineaFee {"aerolineaFee":"13"} []
[2017-10-06 13:31:47] app.ERROR: tipoServicio {"tipoServicio":"EMISION"} []
[2017-10-06 13:31:47] app.ERROR: tipoBoleto {"tipoBoleto":"internacional"} []
[2017-10-06 13:31:47] app.ERROR: EMISION {"EMISION":"EMISION"} []
[2017-10-06 13:31:47] doctrine.DEBUG: SELECT t0.id AS id1, t0.aerolinea AS aerolinea2, t0.tipoaerolinea AS tipoaerolinea3, t0.esPredeterminada AS esPredeterminada4, t0.valorfee AS valorfee5, t0.tiposervicio AS tiposervicio6, t0.origen AS origen7 FROM Aerolineafee t0 WHERE t0.aerolinea = ? AND t0.tiposervicio = ? AND t0.tipoaerolinea = ? AND t0.esPredeterminada = ? AND t0.origen = ? LIMIT 1 ["13","E","I","0","F"] []
[2017-10-06 13:31:48] app.ERROR: feeAerolineaExiste {"fee":5,"aerolinea":"13"} []
[2017-10-06 13:31:48] app.ERROR: feeTotales {"fee":5,"feeEmergente":0} []
[2017-10-06 13:31:48] doctrine.DEBUG: SELECT t1.username AS username2, t1.username_canonical AS username_canonical3, t1.email AS email4, t1.email_canonical AS email_canonical5, t1.enabled AS enabled6, t1.salt AS salt7, t1.password AS password8, t1.last_login AS last_login9, t1.locked AS locked10, t1.expired AS expired11, t1.expires_at AS expires_at12, t1.confirmation_token AS confirmation_token13, t1.password_requested_at AS password_requested_at14, t1.roles AS roles15, t1.credentials_expired AS credentials_expired16, t1.credentials_expire_at AS credentials_expire_at17, t1.id AS id18, t1.nombre AS nombre19, t1.apellidos AS apellidos20, t1.ci AS ci21, t1.foto AS foto22, t1.sexo AS sexo23, t1.celular AS celular24, t1.telefono AS telefono25, t1.ext AS ext26, t0.agencia AS agencia27, t0.agencia AS agencia28, t1.tipo FROM Agente t0 INNER JOIN fos_user t1 ON t0.id = t1.id WHERE t1.id = ? ["744"] []
[2017-10-06 13:31:48] doctrine.DEBUG: SELECT t0.id AS id1, t0.ruc AS ruc2, t0.direccion AS direccion3, t0.telefono AS telefono4, t0.razonsocial AS razonsocial5, t0.email AS email6, t0.representante AS representante7, t0.logo AS logo8, t0.ciudad AS ciudad9, t0.matriz AS matriz10 FROM Empresa t0 WHERE t0.id = ? ["6"] []
[2017-10-06 13:31:48] doctrine.DEBUG: SELECT t0.id AS id1, t0.nombre AS nombre2, t0.descripcion AS descripcion3 FROM Gds t0 WHERE t0.id = ? ["1"] []
[2017-10-06 13:31:48] doctrine.DEBUG: SELECT t0.id AS id1, t0.nombre AS nombre2, t0.icono AS icono3, t0.descripcion AS descripcion4 FROM Estadoorden t0 WHERE t0.id = ? [2] []
[2017-10-06 13:31:48] doctrine.DEBUG: SELECT t0.id AS id1, t0.nombre AS nombre2, t0.descripcion AS descripcion3, t0.tiempoPrimeraAlerta AS tiempoPrimeraAlerta4, t0.feeEmergencia AS feeEmergencia5, t0.tiempoSegundaAlerta AS tiempoSegundaAlerta6, t0.tiempoRespuestaPlanPiloto AS tiempoRespuestaPlanPiloto7, t0.tiempoRespuestaNormal AS tiempoRespuestaNormal8, t0.emailViaticos AS emailViaticos9, t0.emailVacaciones AS emailVacaciones10, t0.activa AS activa11, t0.tiempoAnulacion AS tiempoAnulacion12, t0.tiempoEmision AS tiempoEmision13, t0.inicioHorarioAtencion AS inicioHorarioAtencion14, t0.finHorarioAtencion AS finHorarioAtencion15, t0.tiempoRevision AS tiempoRevision16, t0.fomaPagoCash AS fomaPagoCash17, t0.fomaPagoPlanPiloto AS fomaPagoPlanPiloto18, t0.fomaPagoVtc AS fomaPagoVtc19, t0.local AS local20, t0.remota AS remota21, t0.tiempoPorPasajero AS tiempoPorPasajero22, t0.ponderacionPlanPiloto AS ponderacionPlanPiloto23, t0.ponderacionNoPlanPiloto AS ponderacionNoPlanPiloto24, t0.ponderacionEmision AS ponderacionEmision25, t0.ponderacionRevision AS ponderacionRevision26, t0.ponderacionAnulacion AS ponderacionAnulacion27, t0.ponderacionSVI AS ponderacionSVI28, t0.ponderacionNOSVI AS ponderacionNOSVI29, t0.lastCounter AS lastCounter30, t0.empresa AS empresa31 FROM Configuracion t0 WHERE t0.empresa = ? [6] []
[2017-10-06 13:31:48] doctrine.DEBUG: SELECT f0_.id AS id0, f0_.username AS username1, (SELECT sum(o1_.tiempoProceso) AS dctrn__1 FROM Orden o1_ LEFT JOIN Emision e2_ ON o1_.id = e2_.id LEFT JOIN Revision r3_ ON o1_.id = r3_.id LEFT JOIN Anulacion a4_ ON o1_.id = a4_.id WHERE o1_.usuario = f0_.id AND o1_.estado = 2) AS sclr2 FROM fos_user f0_ LEFT JOIN Agente a5_ ON f0_.id = a5_.id LEFT JOIN Usuariointerno u6_ ON f0_.id = u6_.id INNER JOIN Usuariointerno u7_ INNER JOIN fos_user f8_ ON u7_.id = f8_.id AND (f8_.id = f0_.id) WHERE f0_.roles LIKE '%ROLE_COUNTER%' AND f0_.enabled = ? AND f8_.locked = ? AND u7_.empresa = ? AND ((? >= u7_.inicioJornada AND ? < u7_.inicioAlmuerzo) OR (? > u7_.finAlmuerzo AND ? <= u7_.finJornada)) ORDER BY sclr2 ASC [true,false,6,"13:31:48","13:31:48","13:31:48","13:31:48"] []
[2017-10-06 13:31:48] doctrine.DEBUG: SELECT t1.username AS username2, t1.username_canonical AS username_canonical3, t1.email AS email4, t1.email_canonical AS email_canonical5, t1.enabled AS enabled6, t1.salt AS salt7, t1.password AS password8, t1.last_login AS last_login9, t1.locked AS locked10, t1.expired AS expired11, t1.expires_at AS expires_at12, t1.confirmation_token AS confirmation_token13, t1.password_requested_at AS password_requested_at14, t1.roles AS roles15, t1.credentials_expired AS credentials_expired16, t1.credentials_expire_at AS credentials_expire_at17, t1.id AS id18, t1.nombre AS nombre19, t1.apellidos AS apellidos20, t1.ci AS ci21, t1.foto AS foto22, t1.sexo AS sexo23, t1.celular AS celular24, t1.telefono AS telefono25, t1.ext AS ext26, t0.inicioAlmuerzo AS inicioAlmuerzo27, t0.finAlmuerzo AS finAlmuerzo28, t0.inicioJornada AS inicioJornada29, t0.finJornada AS finJornada30, t0.jefe AS jefe31, t0.empresa AS empresa32, t1.tipo FROM Usuariointerno t0 INNER JOIN fos_user t1 ON t0.id = t1.id WHERE t1.id = ? [521] []
[2017-10-06 13:31:48] doctrine.DEBUG: "START TRANSACTION" [] []
[2017-10-06 13:31:48] doctrine.DEBUG: INSERT INTO Traza (action, logged_at, object_id, object_class, version, data, username) VALUES (?, ?, ?, ?, ?, ?, ?) {"1":"create","2":"2017-10-06 13:31:48","3":null,"4":"aplicacion\\EmisionesBundle [...]","5":1,"6":{"fecha":"2017-10-06 13:31:48","horaAsignacion":"2017-10-06 13:31:48","procesedAt":null,"slaIncumplido":false,"numeroOrden":"1710069040","procesadaEmergencia":false,"numPasajeros":"10","tipoBoleto":"internacional","comentario":null,"recordGds":"111111","recordNew":null,"tourcode":"111111111","feeServicios":0,"feeEmergenciaServicios":0,"numerodeboletos":"22","numerosDeBoleto":null,"agente":{"id":744},"usuario":{"id":521},"estado":{"id":2},"empresa":{"id":6},"gds":{"id":1},"ciudadDestino":{"id":1},"reservaPnr":"eeqweqweqweqweqweqweqweqweqwe","tarifaReserva":"qawedqwreqweqsdasdasdasdasd"},"7":null} []
[2017-10-06 13:31:48] doctrine.DEBUG: INSERT INTO Orden (fecha, horaAsignacion, procesedAt, tiempoRealProcesamiento, slaIncumplido, numero_orden, prioridad, procesadaEmergencia, numPasajeros, tipo_boleto, comentario, record_gds, record_new, tourcode, tiempoProceso, fee_servicios, feeemergencia_servicios, observaciones, detalleAprobacion, aprobadoCaja, modificadoSupervisorCobros, adjunto, tipoPago, numerodeboletos, numerosdeboleto, agente, usuario, estado, empresa, gds, ciudadDestino, tipo) VALUES (?, ?, ?, ?, ?, ?, ?, ?, ?, ?, ?, ?, ?, ?, ?, ?, ?, ?, ?, ?, ?, ?, ?, ?, ?, ?, ?, ?, ?, ?, ?, ?) {"1":"2017-10-06 13:31:48","2":"2017-10-06 13:31:48","3":null,"4":0,"5":false,"6":"1710069040","7":"5","8":false,"9":"10","10":"internacional","11":null,"12":"111111","13":null,"14":"111111111","15":1440,"16":0,"17":0,"18":"wedwqe","19":null,"20":"No Conciliada","21":false,"22":"(binary value)","23":"Cash","24":"22","25":null,"26":744,"27":521,"28":2,"29":6,"30":1,"31":1,"32":"emision"} []
[2017-10-06 13:31:48] doctrine.DEBUG: INSERT INTO Emision (id, reserva_pnr, tarifa_reserva) VALUES (?, ?, ?) {"1":182990,"2":"eeqweqweqweqweqweqweqweqweqwe","3":"qawedqwreqweqsdasdasdasdasd"} []
[2017-10-06 13:31:48] doctrine.DEBUG: INSERT INTO Formapago (orden, tipo) VALUES (?, ?) {"1":182990,"2":"Pago Directo"} []
[2017-10-06 13:31:48] doctrine.DEBUG: INSERT INTO Pagodirecto (id, tipo_pago, valor) VALUES (?, ?, ?) {"1":223924,"2":"efectivo","3":"1212"} []
[2017-10-06 13:31:48] doctrine.DEBUG: UPDATE Traza SET object_id = ? WHERE id = ? [182990,409747] []
[2017-10-06 13:31:48] doctrine.DEBUG: "COMMIT" [] []
[2017-10-06 13:31:48] security.DEBUG: Write SecurityContext in the session [] []
[2017-10-06 13:31:48] event.DEBUG: Notified event "kernel.response" to listener "Symfony\Component\Security\Http\Firewall\ContextListener::onKernelResponse". [] []
[2017-10-06 13:31:48] event.DEBUG: Notified event "kernel.response" to listener "Symfony\Component\HttpKernel\EventListener\ResponseListener::onKernelResponse". [] []
[2017-10-06 13:31:48] event.DEBUG: Notified event "kernel.response" to listener "Symfony\Component\Security\Http\RememberMe\ResponseListener::onKernelResponse". [] []
[2017-10-06 13:31:48] event.DEBUG: Notified event "kernel.response" to listener "Sensio\Bundle\FrameworkExtraBundle\EventListener\HttpCacheListener::onKernelResponse". [] []
[2017-10-06 13:31:48] event.DEBUG: Notified event "kernel.response" to listener "Symfony\Component\HttpKernel\EventListener\StreamedResponseListener::onKernelResponse". [] []
[2017-10-06 13:31:48] event.DEBUG: Notified event "kernel.finish_request" to listener "Symfony\Component\HttpKernel\EventListener\LocaleListener::onKernelFinishRequest". [] []
[2017-10-06 13:31:48] event.DEBUG: Notified event "kernel.finish_request" to listener "Symfony\Component\HttpKernel\EventListener\RouterListener::onKernelFinishRequest". [] []
[2017-10-06 13:31:48] event.DEBUG: Notified event "kernel.finish_request" to listener "Symfony\Component\Security\Http\Firewall::onKernelFinishRequest". [] []
[2017-10-06 13:31:48] event.DEBUG: Notified event "kernel.terminate" to listener "Symfony\Bundle\SwiftmailerBundle\EventListener\EmailSenderListener::onTerminate". [] []
[2017-10-06 13:35:38] request.INFO: Matched route "EmisionesBundle_Cyborg_Save" (parameters: "_controller": "aplicacion\EmisionesBundle\Controller\CyborgController::saveAction", "_route": "EmisionesBundle_Cyborg_Save") [] []
[2017-10-06 13:35:39] security.INFO: Populated SecurityContext with an anonymous Token [] []
[2017-10-06 13:35:39] event.DEBUG: Notified event "kernel.request" to listener "Symfony\Component\HttpKernel\EventListener\ErrorsLoggerListener::injectLogger". [] []
[2017-10-06 13:35:39] event.DEBUG: Notified event "kernel.request" to listener "Symfony\Component\HttpKernel\EventListener\ErrorsLoggerListener::injectLogger". [] []
[2017-10-06 13:35:39] event.DEBUG: Notified event "kernel.request" to listener "Symfony\Component\HttpKernel\EventListener\ErrorsLoggerListener::injectLogger". [] []
[2017-10-06 13:35:39] event.DEBUG: Notified event "kernel.request" to listener "Symfony\Component\HttpKernel\EventListener\DebugHandlersListener::configure". [] []
[2017-10-06 13:35:39] event.DEBUG: Notified event "kernel.request" to listener "Symfony\Bundle\FrameworkBundle\EventListener\SessionListener::onKernelRequest". [] []
[2017-10-06 13:35:39] event.DEBUG: Notified event "kernel.request" to listener "Symfony\Component\HttpKernel\EventListener\FragmentListener::onKernelRequest". [] []
[2017-10-06 13:35:39] event.DEBUG: Notified event "kernel.request" to listener "Symfony\Component\HttpKernel\EventListener\RouterListener::onKernelRequest". [] []
[2017-10-06 13:35:39] event.DEBUG: Notified event "kernel.request" to listener "Symfony\Component\HttpKernel\EventListener\LocaleListener::onKernelRequest". [] []
[2017-10-06 13:35:39] event.DEBUG: Notified event "kernel.request" to listener "Symfony\Component\Security\Http\Firewall::onKernelRequest". [] []
[2017-10-06 13:35:39] event.DEBUG: Notified event "kernel.request" to listener "Stof\DoctrineExtensionsBundle\EventListener\LoggerListener::onKernelRequest". [] []
[2017-10-06 13:35:39] event.DEBUG: Notified event "kernel.controller" to listener "Sensio\Bundle\FrameworkExtraBundle\EventListener\ControllerListener::onKernelController". [] []
[2017-10-06 13:35:39] event.DEBUG: Notified event "kernel.controller" to listener "Sensio\Bundle\FrameworkExtraBundle\EventListener\ParamConverterListener::onKernelController". [] []
[2017-10-06 13:35:39] event.DEBUG: Notified event "kernel.controller" to listener "Sensio\Bundle\FrameworkExtraBundle\EventListener\HttpCacheListener::onKernelController". [] []
[2017-10-06 13:35:39] event.DEBUG: Notified event "kernel.controller" to listener "Sensio\Bundle\FrameworkExtraBundle\EventListener\SecurityListener::onKernelController". [] []
[2017-10-06 13:35:39] event.DEBUG: Notified event "kernel.controller" to listener "Sensio\Bundle\FrameworkExtraBundle\EventListener\TemplateListener::onKernelController". [] []
[2017-10-06 13:35:39] app.ERROR: procesadaEmergencia {"procesadaEmergencia":"0"} []
[2017-10-06 13:35:39] app.ERROR: aerolineaFee {"aerolineaFee":"13"} []
[2017-10-06 13:35:39] app.ERROR: tipoServicio {"tipoServicio":"EMISION"} []
[2017-10-06 13:35:39] app.ERROR: tipoBoleto {"tipoBoleto":"nacional"} []
[2017-10-06 13:35:39] app.ERROR: EMISION {"EMISION":"EMISION"} []
[2017-10-06 13:35:39] doctrine.DEBUG: SELECT t0.id AS id1, t0.aerolinea AS aerolinea2, t0.tipoaerolinea AS tipoaerolinea3, t0.esPredeterminada AS esPredeterminada4, t0.valorfee AS valorfee5, t0.tiposervicio AS tiposervicio6, t0.origen AS origen7 FROM Aerolineafee t0 WHERE t0.aerolinea = ? AND t0.tiposervicio = ? AND t0.tipoaerolinea = ? AND t0.esPredeterminada = ? AND t0.origen = ? LIMIT 1 ["13","E","N","0","F"] []
[2017-10-06 13:35:39] doctrine.DEBUG: SELECT t0.id AS id1, t0.aerolinea AS aerolinea2, t0.tipoaerolinea AS tipoaerolinea3, t0.esPredeterminada AS esPredeterminada4, t0.valorfee AS valorfee5, t0.tiposervicio AS tiposervicio6, t0.origen AS origen7 FROM Aerolineafee t0 WHERE t0.tipoaerolinea = ? AND t0.tiposervicio = ? AND t0.esPredeterminada = ? AND t0.origen = ? LIMIT 1 ["N","E","1","F"] []
[2017-10-06 13:35:39] app.ERROR: feeAerolineaNoExiste {"fee":0} []
[2017-10-06 13:35:39] app.ERROR: feeTotales {"fee":0,"feeEmergente":0} []
[2017-10-06 13:35:39] doctrine.DEBUG: SELECT t1.username AS username2, t1.username_canonical AS username_canonical3, t1.email AS email4, t1.email_canonical AS email_canonical5, t1.enabled AS enabled6, t1.salt AS salt7, t1.password AS password8, t1.last_login AS last_login9, t1.locked AS locked10, t1.expired AS expired11, t1.expires_at AS expires_at12, t1.confirmation_token AS confirmation_token13, t1.password_requested_at AS password_requested_at14, t1.roles AS roles15, t1.credentials_expired AS credentials_expired16, t1.credentials_expire_at AS credentials_expire_at17, t1.id AS id18, t1.nombre AS nombre19, t1.apellidos AS apellidos20, t1.ci AS ci21, t1.foto AS foto22, t1.sexo AS sexo23, t1.celular AS celular24, t1.telefono AS telefono25, t1.ext AS ext26, t0.agencia AS agencia27, t0.agencia AS agencia28, t1.tipo FROM Agente t0 INNER JOIN fos_user t1 ON t0.id = t1.id WHERE t1.id = ? ["744"] []
[2017-10-06 13:35:39] doctrine.DEBUG: SELECT t0.id AS id1, t0.ruc AS ruc2, t0.direccion AS direccion3, t0.telefono AS telefono4, t0.razonsocial AS razonsocial5, t0.email AS email6, t0.representante AS representante7, t0.logo AS logo8, t0.ciudad AS ciudad9, t0.matriz AS matriz10 FROM Empresa t0 WHERE t0.id = ? ["6"] []
[2017-10-06 13:35:39] doctrine.DEBUG: SELECT t0.id AS id1, t0.nombre AS nombre2, t0.descripcion AS descripcion3 FROM Gds t0 WHERE t0.id = ? ["1"] []
[2017-10-06 13:35:39] doctrine.DEBUG: SELECT t0.id AS id1, t0.nombre AS nombre2, t0.icono AS icono3, t0.descripcion AS descripcion4 FROM Estadoorden t0 WHERE t0.id = ? [2] []
[2017-10-06 13:35:39] doctrine.DEBUG: SELECT t0.id AS id1, t0.nombre AS nombre2, t0.descripcion AS descripcion3, t0.tiempoPrimeraAlerta AS tiempoPrimeraAlerta4, t0.feeEmergencia AS feeEmergencia5, t0.tiempoSegundaAlerta AS tiempoSegundaAlerta6, t0.tiempoRespuestaPlanPiloto AS tiempoRespuestaPlanPiloto7, t0.tiempoRespuestaNormal AS tiempoRespuestaNormal8, t0.emailViaticos AS emailViaticos9, t0.emailVacaciones AS emailVacaciones10, t0.activa AS activa11, t0.tiempoAnulacion AS tiempoAnulacion12, t0.tiempoEmision AS tiempoEmision13, t0.inicioHorarioAtencion AS inicioHorarioAtencion14, t0.finHorarioAtencion AS finHorarioAtencion15, t0.tiempoRevision AS tiempoRevision16, t0.fomaPagoCash AS fomaPagoCash17, t0.fomaPagoPlanPiloto AS fomaPagoPlanPiloto18, t0.fomaPagoVtc AS fomaPagoVtc19, t0.local AS local20, t0.remota AS remota21, t0.tiempoPorPasajero AS tiempoPorPasajero22, t0.ponderacionPlanPiloto AS ponderacionPlanPiloto23, t0.ponderacionNoPlanPiloto AS ponderacionNoPlanPiloto24, t0.ponderacionEmision AS ponderacionEmision25, t0.ponderacionRevision AS ponderacionRevision26, t0.ponderacionAnulacion AS ponderacionAnulacion27, t0.ponderacionSVI AS ponderacionSVI28, t0.ponderacionNOSVI AS ponderacionNOSVI29, t0.lastCounter AS lastCounter30, t0.empresa AS empresa31 FROM Configuracion t0 WHERE t0.empresa = ? [6] []
[2017-10-06 13:35:39] doctrine.DEBUG: SELECT f0_.id AS id0, f0_.username AS username1, (SELECT sum(o1_.tiempoProceso) AS dctrn__1 FROM Orden o1_ LEFT JOIN Emision e2_ ON o1_.id = e2_.id LEFT JOIN Revision r3_ ON o1_.id = r3_.id LEFT JOIN Anulacion a4_ ON o1_.id = a4_.id WHERE o1_.usuario = f0_.id AND o1_.estado = 2) AS sclr2 FROM fos_user f0_ LEFT JOIN Agente a5_ ON f0_.id = a5_.id LEFT JOIN Usuariointerno u6_ ON f0_.id = u6_.id INNER JOIN Usuariointerno u7_ INNER JOIN fos_user f8_ ON u7_.id = f8_.id AND (f8_.id = f0_.id) WHERE f0_.roles LIKE '%ROLE_COUNTER%' AND f0_.enabled = ? AND f8_.locked = ? AND u7_.empresa = ? AND ((? >= u7_.inicioJornada AND ? < u7_.inicioAlmuerzo) OR (? > u7_.finAlmuerzo AND ? <= u7_.finJornada)) ORDER BY sclr2 ASC [true,false,6,"13:35:39","13:35:39","13:35:39","13:35:39"] []
[2017-10-06 13:35:39] doctrine.DEBUG: SELECT t1.username AS username2, t1.username_canonical AS username_canonical3, t1.email AS email4, t1.email_canonical AS email_canonical5, t1.enabled AS enabled6, t1.salt AS salt7, t1.password AS password8, t1.last_login AS last_login9, t1.locked AS locked10, t1.expired AS expired11, t1.expires_at AS expires_at12, t1.confirmation_token AS confirmation_token13, t1.password_requested_at AS password_requested_at14, t1.roles AS roles15, t1.credentials_expired AS credentials_expired16, t1.credentials_expire_at AS credentials_expire_at17, t1.id AS id18, t1.nombre AS nombre19, t1.apellidos AS apellidos20, t1.ci AS ci21, t1.foto AS foto22, t1.sexo AS sexo23, t1.celular AS celular24, t1.telefono AS telefono25, t1.ext AS ext26, t0.inicioAlmuerzo AS inicioAlmuerzo27, t0.finAlmuerzo AS finAlmuerzo28, t0.inicioJornada AS inicioJornada29, t0.finJornada AS finJornada30, t0.jefe AS jefe31, t0.empresa AS empresa32, t1.tipo FROM Usuariointerno t0 INNER JOIN fos_user t1 ON t0.id = t1.id WHERE t1.id = ? ["765"] []
[2017-10-06 13:35:39] doctrine.DEBUG: "START TRANSACTION" [] []
[2017-10-06 13:35:39] doctrine.DEBUG: INSERT INTO Traza (action, logged_at, object_id, object_class, version, data, username) VALUES (?, ?, ?, ?, ?, ?, ?) {"1":"create","2":"2017-10-06 13:35:39","3":null,"4":"aplicacion\\EmisionesBundle [...]","5":1,"6":{"fecha":"2017-10-06 13:35:39","horaAsignacion":"2017-10-06 13:35:39","procesedAt":null,"slaIncumplido":false,"numeroOrden":"1710069041","procesadaEmergencia":false,"numPasajeros":"6","tipoBoleto":"nacional","comentario":null,"recordGds":"ASASAS","recordNew":null,"tourcode":"ASASASASA","feeServicios":0,"feeEmergenciaServicios":0,"numerodeboletos":"32","numerosDeBoleto":null,"agente":{"id":744},"usuario":{"id":765},"estado":{"id":2},"empresa":{"id":6},"gds":{"id":1},"ciudadDestino":{"id":1},"reservaPnr":"wqeqweqeqeqweqweqtrytyteytry","tarifaReserva":"dfrfsdfsdfsdfsdfsdrwerewrwer"},"7":null} []
[2017-10-06 13:35:39] doctrine.DEBUG: INSERT INTO Orden (fecha, horaAsignacion, procesedAt, tiempoRealProcesamiento, slaIncumplido, numero_orden, prioridad, procesadaEmergencia, numPasajeros, tipo_boleto, comentario, record_gds, record_new, tourcode, tiempoProceso, fee_servicios, feeemergencia_servicios, observaciones, detalleAprobacion, aprobadoCaja, modificadoSupervisorCobros, adjunto, tipoPago, numerodeboletos, numerosdeboleto, agente, usuario, estado, empresa, gds, ciudadDestino, tipo) VALUES (?, ?, ?, ?, ?, ?, ?, ?, ?, ?, ?, ?, ?, ?, ?, ?, ?, ?, ?, ?, ?, ?, ?, ?, ?, ?, ?, ?, ?, ?, ?, ?) {"1":"2017-10-06 13:35:39","2":"2017-10-06 13:35:39","3":null,"4":0,"5":false,"6":"1710069041","7":"5","8":false,"9":"6","10":"nacional","11":null,"12":"ASASAS","13":null,"14":"ASASASASA","15":960,"16":0,"17":0,"18":"(binary value)","19":null,"20":"No Conciliada","21":false,"22":"(binary value)","23":"Cash","24":"32","25":null,"26":744,"27":765,"28":2,"29":6,"30":1,"31":1,"32":"emision"} []
[2017-10-06 13:35:39] doctrine.DEBUG: INSERT INTO Emision (id, reserva_pnr, tarifa_reserva) VALUES (?, ?, ?) {"1":182991,"2":"wqeqweqeqeqweqweqtrytyteytry","3":"dfrfsdfsdfsdfsdfsdrwerewrwer"} []
[2017-10-06 13:35:39] doctrine.DEBUG: INSERT INTO Formapago (orden, tipo) VALUES (?, ?) {"1":182991,"2":"Pago Directo"} []
[2017-10-06 13:35:39] doctrine.DEBUG: INSERT INTO Pagodirecto (id, tipo_pago, valor) VALUES (?, ?, ?) {"1":223925,"2":"efectivo","3":"122"} []
[2017-10-06 13:35:39] doctrine.DEBUG: UPDATE Traza SET object_id = ? WHERE id = ? [182991,409748] []
[2017-10-06 13:35:39] doctrine.DEBUG: "COMMIT" [] []
[2017-10-06 13:35:39] security.DEBUG: Write SecurityContext in the session [] []
[2017-10-06 13:35:39] event.DEBUG: Notified event "kernel.response" to listener "Symfony\Component\Security\Http\Firewall\ContextListener::onKernelResponse". [] []
[2017-10-06 13:35:39] event.DEBUG: Notified event "kernel.response" to listener "Symfony\Component\HttpKernel\EventListener\ResponseListener::onKernelResponse". [] []
[2017-10-06 13:35:39] event.DEBUG: Notified event "kernel.response" to listener "Symfony\Component\Security\Http\RememberMe\ResponseListener::onKernelResponse". [] []
[2017-10-06 13:35:39] event.DEBUG: Notified event "kernel.response" to listener "Sensio\Bundle\FrameworkExtraBundle\EventListener\HttpCacheListener::onKernelResponse". [] []
[2017-10-06 13:35:39] event.DEBUG: Notified event "kernel.response" to listener "Symfony\Component\HttpKernel\EventListener\StreamedResponseListener::onKernelResponse". [] []
[2017-10-06 13:35:39] event.DEBUG: Notified event "kernel.finish_request" to listener "Symfony\Component\HttpKernel\EventListener\LocaleListener::onKernelFinishRequest". [] []
[2017-10-06 13:35:39] event.DEBUG: Notified event "kernel.finish_request" to listener "Symfony\Component\HttpKernel\EventListener\RouterListener::onKernelFinishRequest". [] []
[2017-10-06 13:35:39] event.DEBUG: Notified event "kernel.finish_request" to listener "Symfony\Component\Security\Http\Firewall::onKernelFinishRequest". [] []
[2017-10-06 13:35:39] event.DEBUG: Notified event "kernel.terminate" to listener "Symfony\Bundle\SwiftmailerBundle\EventListener\EmailSenderListener::onTerminate". [] []
[2017-10-06 13:36:59] request.INFO: Matched route "EmisionesBundle_Cyborg_Save" (parameters: "_controller": "aplicacion\EmisionesBundle\Controller\CyborgController::saveAction", "_route": "EmisionesBundle_Cyborg_Save") [] []
[2017-10-06 13:36:59] security.INFO: Populated SecurityContext with an anonymous Token [] []
[2017-10-06 13:36:59] event.DEBUG: Notified event "kernel.request" to listener "Symfony\Component\HttpKernel\EventListener\ErrorsLoggerListener::injectLogger". [] []
[2017-10-06 13:36:59] event.DEBUG: Notified event "kernel.request" to listener "Symfony\Component\HttpKernel\EventListener\ErrorsLoggerListener::injectLogger". [] []
[2017-10-06 13:36:59] event.DEBUG: Notified event "kernel.request" to listener "Symfony\Component\HttpKernel\EventListener\ErrorsLoggerListener::injectLogger". [] []
[2017-10-06 13:36:59] event.DEBUG: Notified event "kernel.request" to listener "Symfony\Component\HttpKernel\EventListener\DebugHandlersListener::configure". [] []
[2017-10-06 13:36:59] event.DEBUG: Notified event "kernel.request" to listener "Symfony\Bundle\FrameworkBundle\EventListener\SessionListener::onKernelRequest". [] []
[2017-10-06 13:36:59] event.DEBUG: Notified event "kernel.request" to listener "Symfony\Component\HttpKernel\EventListener\FragmentListener::onKernelRequest". [] []
[2017-10-06 13:36:59] event.DEBUG: Notified event "kernel.request" to listener "Symfony\Component\HttpKernel\EventListener\RouterListener::onKernelRequest". [] []
[2017-10-06 13:36:59] event.DEBUG: Notified event "kernel.request" to listener "Symfony\Component\HttpKernel\EventListener\LocaleListener::onKernelRequest". [] []
[2017-10-06 13:36:59] event.DEBUG: Notified event "kernel.request" to listener "Symfony\Component\Security\Http\Firewall::onKernelRequest". [] []
[2017-10-06 13:36:59] event.DEBUG: Notified event "kernel.request" to listener "Stof\DoctrineExtensionsBundle\EventListener\LoggerListener::onKernelRequest". [] []
[2017-10-06 13:36:59] event.DEBUG: Notified event "kernel.controller" to listener "Sensio\Bundle\FrameworkExtraBundle\EventListener\ControllerListener::onKernelController". [] []
[2017-10-06 13:36:59] event.DEBUG: Notified event "kernel.controller" to listener "Sensio\Bundle\FrameworkExtraBundle\EventListener\ParamConverterListener::onKernelController". [] []
[2017-10-06 13:36:59] event.DEBUG: Notified event "kernel.controller" to listener "Sensio\Bundle\FrameworkExtraBundle\EventListener\HttpCacheListener::onKernelController". [] []
[2017-10-06 13:36:59] event.DEBUG: Notified event "kernel.controller" to listener "Sensio\Bundle\FrameworkExtraBundle\EventListener\SecurityListener::onKernelController". [] []
[2017-10-06 13:36:59] event.DEBUG: Notified event "kernel.controller" to listener "Sensio\Bundle\FrameworkExtraBundle\EventListener\TemplateListener::onKernelController". [] []
[2017-10-06 13:36:59] app.ERROR: procesadaEmergencia {"procesadaEmergencia":"0"} []
[2017-10-06 13:36:59] app.ERROR: aerolineaFee {"aerolineaFee":"10"} []
[2017-10-06 13:36:59] app.ERROR: tipoServicio {"tipoServicio":"EMISION"} []
[2017-10-06 13:36:59] app.ERROR: tipoBoleto {"tipoBoleto":"nacional"} []
[2017-10-06 13:36:59] app.ERROR: EMISION {"EMISION":"EMISION"} []
[2017-10-06 13:36:59] doctrine.DEBUG: SELECT t0.id AS id1, t0.aerolinea AS aerolinea2, t0.tipoaerolinea AS tipoaerolinea3, t0.esPredeterminada AS esPredeterminada4, t0.valorfee AS valorfee5, t0.tiposervicio AS tiposervicio6, t0.origen AS origen7 FROM Aerolineafee t0 WHERE t0.aerolinea = ? AND t0.tiposervicio = ? AND t0.tipoaerolinea = ? AND t0.esPredeterminada = ? AND t0.origen = ? LIMIT 1 ["10","E","N","0","F"] []
[2017-10-06 13:36:59] doctrine.DEBUG: SELECT t0.id AS id1, t0.aerolinea AS aerolinea2, t0.tipoaerolinea AS tipoaerolinea3, t0.esPredeterminada AS esPredeterminada4, t0.valorfee AS valorfee5, t0.tiposervicio AS tiposervicio6, t0.origen AS origen7 FROM Aerolineafee t0 WHERE t0.tipoaerolinea = ? AND t0.tiposervicio = ? AND t0.esPredeterminada = ? AND t0.origen = ? LIMIT 1 ["N","E","1","F"] []
[2017-10-06 13:36:59] app.ERROR: feeAerolineaNoExiste {"fee":0} []
[2017-10-06 13:36:59] app.ERROR: feeTotales {"fee":0,"feeEmergente":0} []
[2017-10-06 13:36:59] doctrine.DEBUG: SELECT t1.username AS username2, t1.username_canonical AS username_canonical3, t1.email AS email4, t1.email_canonical AS email_canonical5, t1.enabled AS enabled6, t1.salt AS salt7, t1.password AS password8, t1.last_login AS last_login9, t1.locked AS locked10, t1.expired AS expired11, t1.expires_at AS expires_at12, t1.confirmation_token AS confirmation_token13, t1.password_requested_at AS password_requested_at14, t1.roles AS roles15, t1.credentials_expired AS credentials_expired16, t1.credentials_expire_at AS credentials_expire_at17, t1.id AS id18, t1.nombre AS nombre19, t1.apellidos AS apellidos20, t1.ci AS ci21, t1.foto AS foto22, t1.sexo AS sexo23, t1.celular AS celular24, t1.telefono AS telefono25, t1.ext AS ext26, t0.agencia AS agencia27, t0.agencia AS agencia28, t1.tipo FROM Agente t0 INNER JOIN fos_user t1 ON t0.id = t1.id WHERE t1.id = ? ["744"] []
[2017-10-06 13:36:59] doctrine.DEBUG: SELECT t0.id AS id1, t0.ruc AS ruc2, t0.direccion AS direccion3, t0.telefono AS telefono4, t0.razonsocial AS razonsocial5, t0.email AS email6, t0.representante AS representante7, t0.logo AS logo8, t0.ciudad AS ciudad9, t0.matriz AS matriz10 FROM Empresa t0 WHERE t0.id = ? ["6"] []
[2017-10-06 13:36:59] doctrine.DEBUG: SELECT t0.id AS id1, t0.nombre AS nombre2, t0.descripcion AS descripcion3 FROM Gds t0 WHERE t0.id = ? ["1"] []
[2017-10-06 13:36:59] doctrine.DEBUG: SELECT t0.id AS id1, t0.nombre AS nombre2, t0.icono AS icono3, t0.descripcion AS descripcion4 FROM Estadoorden t0 WHERE t0.id = ? [2] []
[2017-10-06 13:36:59] doctrine.DEBUG: SELECT t0.id AS id1, t0.nombre AS nombre2, t0.descripcion AS descripcion3, t0.tiempoPrimeraAlerta AS tiempoPrimeraAlerta4, t0.feeEmergencia AS feeEmergencia5, t0.tiempoSegundaAlerta AS tiempoSegundaAlerta6, t0.tiempoRespuestaPlanPiloto AS tiempoRespuestaPlanPiloto7, t0.tiempoRespuestaNormal AS tiempoRespuestaNormal8, t0.emailViaticos AS emailViaticos9, t0.emailVacaciones AS emailVacaciones10, t0.activa AS activa11, t0.tiempoAnulacion AS tiempoAnulacion12, t0.tiempoEmision AS tiempoEmision13, t0.inicioHorarioAtencion AS inicioHorarioAtencion14, t0.finHorarioAtencion AS finHorarioAtencion15, t0.tiempoRevision AS tiempoRevision16, t0.fomaPagoCash AS fomaPagoCash17, t0.fomaPagoPlanPiloto AS fomaPagoPlanPiloto18, t0.fomaPagoVtc AS fomaPagoVtc19, t0.local AS local20, t0.remota AS remota21, t0.tiempoPorPasajero AS tiempoPorPasajero22, t0.ponderacionPlanPiloto AS ponderacionPlanPiloto23, t0.ponderacionNoPlanPiloto AS ponderacionNoPlanPiloto24, t0.ponderacionEmision AS ponderacionEmision25, t0.ponderacionRevision AS ponderacionRevision26, t0.ponderacionAnulacion AS ponderacionAnulacion27, t0.ponderacionSVI AS ponderacionSVI28, t0.ponderacionNOSVI AS ponderacionNOSVI29, t0.lastCounter AS lastCounter30, t0.empresa AS empresa31 FROM Configuracion t0 WHERE t0.empresa = ? [6] []
[2017-10-06 13:36:59] doctrine.DEBUG: SELECT f0_.id AS id0, f0_.username AS username1, (SELECT sum(o1_.tiempoProceso) AS dctrn__1 FROM Orden o1_ LEFT JOIN Emision e2_ ON o1_.id = e2_.id LEFT JOIN Revision r3_ ON o1_.id = r3_.id LEFT JOIN Anulacion a4_ ON o1_.id = a4_.id WHERE o1_.usuario = f0_.id AND o1_.estado = 2) AS sclr2 FROM fos_user f0_ LEFT JOIN Agente a5_ ON f0_.id = a5_.id LEFT JOIN Usuariointerno u6_ ON f0_.id = u6_.id INNER JOIN Usuariointerno u7_ INNER JOIN fos_user f8_ ON u7_.id = f8_.id AND (f8_.id = f0_.id) WHERE f0_.roles LIKE '%ROLE_COUNTER%' AND f0_.enabled = ? AND f8_.locked = ? AND u7_.empresa = ? AND ((? >= u7_.inicioJornada AND ? < u7_.inicioAlmuerzo) OR (? > u7_.finAlmuerzo AND ? <= u7_.finJornada)) ORDER BY sclr2 ASC [true,false,6,"13:36:59","13:36:59","13:36:59","13:36:59"] []
[2017-10-06 13:36:59] doctrine.DEBUG: SELECT t1.username AS username2, t1.username_canonical AS username_canonical3, t1.email AS email4, t1.email_canonical AS email_canonical5, t1.enabled AS enabled6, t1.salt AS salt7, t1.password AS password8, t1.last_login AS last_login9, t1.locked AS locked10, t1.expired AS expired11, t1.expires_at AS expires_at12, t1.confirmation_token AS confirmation_token13, t1.password_requested_at AS password_requested_at14, t1.roles AS roles15, t1.credentials_expired AS credentials_expired16, t1.credentials_expire_at AS credentials_expire_at17, t1.id AS id18, t1.nombre AS nombre19, t1.apellidos AS apellidos20, t1.ci AS ci21, t1.foto AS foto22, t1.sexo AS sexo23, t1.celular AS celular24, t1.telefono AS telefono25, t1.ext AS ext26, t0.inicioAlmuerzo AS inicioAlmuerzo27, t0.finAlmuerzo AS finAlmuerzo28, t0.inicioJornada AS inicioJornada29, t0.finJornada AS finJornada30, t0.jefe AS jefe31, t0.empresa AS empresa32, t1.tipo FROM Usuariointerno t0 INNER JOIN fos_user t1 ON t0.id = t1.id WHERE t1.id = ? [741] []
[2017-10-06 13:36:59] doctrine.DEBUG: "START TRANSACTION" [] []
[2017-10-06 13:36:59] doctrine.DEBUG: INSERT INTO Traza (action, logged_at, object_id, object_class, version, data, username) VALUES (?, ?, ?, ?, ?, ?, ?) {"1":"create","2":"2017-10-06 13:36:59","3":null,"4":"aplicacion\\EmisionesBundle [...]","5":1,"6":{"fecha":"2017-10-06 13:36:59","horaAsignacion":"2017-10-06 13:36:59","procesedAt":null,"slaIncumplido":false,"numeroOrden":"1710069042","procesadaEmergencia":false,"numPasajeros":"7","tipoBoleto":"nacional","comentario":null,"recordGds":"121212","recordNew":null,"tourcode":"212122212","feeServicios":0,"feeEmergenciaServicios":0,"numerodeboletos":"12","numerosDeBoleto":null,"agente":{"id":744},"usuario":{"id":741},"estado":{"id":2},"empresa":{"id":6},"gds":{"id":1},"ciudadDestino":{"id":1},"reservaPnr":"weqw13qweqweqewqweweqwe","tarifaReserva":"eqweqweqeqweqweqe"},"7":null} []
[2017-10-06 13:36:59] doctrine.DEBUG: INSERT INTO Orden (fecha, horaAsignacion, procesedAt, tiempoRealProcesamiento, slaIncumplido, numero_orden, prioridad, procesadaEmergencia, numPasajeros, tipo_boleto, comentario, record_gds, record_new, tourcode, tiempoProceso, fee_servicios, feeemergencia_servicios, observaciones, detalleAprobacion, aprobadoCaja, modificadoSupervisorCobros, adjunto, tipoPago, numerodeboletos, numerosdeboleto, agente, usuario, estado, empresa, gds, ciudadDestino, tipo) VALUES (?, ?, ?, ?, ?, ?, ?, ?, ?, ?, ?, ?, ?, ?, ?, ?, ?, ?, ?, ?, ?, ?, ?, ?, ?, ?, ?, ?, ?, ?, ?, ?) {"1":"2017-10-06 13:36:59","2":"2017-10-06 13:36:59","3":null,"4":0,"5":false,"6":"1710069042","7":"5","8":false,"9":"7","10":"nacional","11":null,"12":"121212","13":null,"14":"212122212","15":1080,"16":0,"17":0,"18":"3423423423423423424","19":null,"20":"No Conciliada","21":false,"22":"(binary value)","23":"Cash","24":"12","25":null,"26":744,"27":741,"28":2,"29":6,"30":1,"31":1,"32":"emision"} []
[2017-10-06 13:36:59] doctrine.DEBUG: INSERT INTO Emision (id, reserva_pnr, tarifa_reserva) VALUES (?, ?, ?) {"1":182992,"2":"weqw13qweqweqewqweweqwe","3":"eqweqweqeqweqweqe"} []
[2017-10-06 13:36:59] doctrine.DEBUG: INSERT INTO Formapago (orden, tipo) VALUES (?, ?) {"1":182992,"2":"Pago Directo"} []
[2017-10-06 13:36:59] doctrine.DEBUG: INSERT INTO Pagodirecto (id, tipo_pago, valor) VALUES (?, ?, ?) {"1":223926,"2":"efectivo","3":"233"} []
[2017-10-06 13:36:59] doctrine.DEBUG: UPDATE Traza SET object_id = ? WHERE id = ? [182992,409749] []
[2017-10-06 13:36:59] doctrine.DEBUG: "COMMIT" [] []
[2017-10-06 13:36:59] security.DEBUG: Write SecurityContext in the session [] []
[2017-10-06 13:36:59] event.DEBUG: Notified event "kernel.response" to listener "Symfony\Component\Security\Http\Firewall\ContextListener::onKernelResponse". [] []
[2017-10-06 13:36:59] event.DEBUG: Notified event "kernel.response" to listener "Symfony\Component\HttpKernel\EventListener\ResponseListener::onKernelResponse". [] []
[2017-10-06 13:36:59] event.DEBUG: Notified event "kernel.response" to listener "Symfony\Component\Security\Http\RememberMe\ResponseListener::onKernelResponse". [] []
[2017-10-06 13:36:59] event.DEBUG: Notified event "kernel.response" to listener "Sensio\Bundle\FrameworkExtraBundle\EventListener\HttpCacheListener::onKernelResponse". [] []
[2017-10-06 13:36:59] event.DEBUG: Notified event "kernel.response" to listener "Symfony\Component\HttpKernel\EventListener\StreamedResponseListener::onKernelResponse". [] []
[2017-10-06 13:37:00] event.DEBUG: Notified event "kernel.finish_request" to listener "Symfony\Component\HttpKernel\EventListener\LocaleListener::onKernelFinishRequest". [] []
[2017-10-06 13:37:00] event.DEBUG: Notified event "kernel.finish_request" to listener "Symfony\Component\HttpKernel\EventListener\RouterListener::onKernelFinishRequest". [] []
[2017-10-06 13:37:00] event.DEBUG: Notified event "kernel.finish_request" to listener "Symfony\Component\Security\Http\Firewall::onKernelFinishRequest". [] []
[2017-10-06 13:37:00] event.DEBUG: Notified event "kernel.terminate" to listener "Symfony\Bundle\SwiftmailerBundle\EventListener\EmailSenderListener::onTerminate". [] []
[2017-10-06 13:38:30] request.INFO: Matched route "EmisionesBundle_Cyborg_Save" (parameters: "_controller": "aplicacion\EmisionesBundle\Controller\CyborgController::saveAction", "_route": "EmisionesBundle_Cyborg_Save") [] []
[2017-10-06 13:38:30] security.INFO: Populated SecurityContext with an anonymous Token [] []
[2017-10-06 13:38:30] event.DEBUG: Notified event "kernel.request" to listener "Symfony\Component\HttpKernel\EventListener\ErrorsLoggerListener::injectLogger". [] []
[2017-10-06 13:38:30] event.DEBUG: Notified event "kernel.request" to listener "Symfony\Component\HttpKernel\EventListener\ErrorsLoggerListener::injectLogger". [] []
[2017-10-06 13:38:30] event.DEBUG: Notified event "kernel.request" to listener "Symfony\Component\HttpKernel\EventListener\ErrorsLoggerListener::injectLogger". [] []
[2017-10-06 13:38:30] event.DEBUG: Notified event "kernel.request" to listener "Symfony\Component\HttpKernel\EventListener\DebugHandlersListener::configure". [] []
[2017-10-06 13:38:30] event.DEBUG: Notified event "kernel.request" to listener "Symfony\Bundle\FrameworkBundle\EventListener\SessionListener::onKernelRequest". [] []
[2017-10-06 13:38:30] event.DEBUG: Notified event "kernel.request" to listener "Symfony\Component\HttpKernel\EventListener\FragmentListener::onKernelRequest". [] []
[2017-10-06 13:38:30] event.DEBUG: Notified event "kernel.request" to listener "Symfony\Component\HttpKernel\EventListener\RouterListener::onKernelRequest". [] []
[2017-10-06 13:38:30] event.DEBUG: Notified event "kernel.request" to listener "Symfony\Component\HttpKernel\EventListener\LocaleListener::onKernelRequest". [] []
[2017-10-06 13:38:30] event.DEBUG: Notified event "kernel.request" to listener "Symfony\Component\Security\Http\Firewall::onKernelRequest". [] []
[2017-10-06 13:38:30] event.DEBUG: Notified event "kernel.request" to listener "Stof\DoctrineExtensionsBundle\EventListener\LoggerListener::onKernelRequest". [] []
[2017-10-06 13:38:30] event.DEBUG: Notified event "kernel.controller" to listener "Sensio\Bundle\FrameworkExtraBundle\EventListener\ControllerListener::onKernelController". [] []
[2017-10-06 13:38:30] event.DEBUG: Notified event "kernel.controller" to listener "Sensio\Bundle\FrameworkExtraBundle\EventListener\ParamConverterListener::onKernelController". [] []
[2017-10-06 13:38:30] event.DEBUG: Notified event "kernel.controller" to listener "Sensio\Bundle\FrameworkExtraBundle\EventListener\HttpCacheListener::onKernelController". [] []
[2017-10-06 13:38:30] event.DEBUG: Notified event "kernel.controller" to listener "Sensio\Bundle\FrameworkExtraBundle\EventListener\SecurityListener::onKernelController". [] []
[2017-10-06 13:38:30] event.DEBUG: Notified event "kernel.controller" to listener "Sensio\Bundle\FrameworkExtraBundle\EventListener\TemplateListener::onKernelController". [] []
[2017-10-06 13:38:30] app.ERROR: procesadaEmergencia {"procesadaEmergencia":"0"} []
[2017-10-06 13:38:30] app.ERROR: aerolineaFee {"aerolineaFee":"13"} []
[2017-10-06 13:38:30] app.ERROR: tipoServicio {"tipoServicio":"EMISION"} []
[2017-10-06 13:38:30] app.ERROR: tipoBoleto {"tipoBoleto":"internacional"} []
[2017-10-06 13:38:30] app.ERROR: EMISION {"EMISION":"EMISION"} []
[2017-10-06 13:38:30] doctrine.DEBUG: SELECT t0.id AS id1, t0.aerolinea AS aerolinea2, t0.tipoaerolinea AS tipoaerolinea3, t0.esPredeterminada AS esPredeterminada4, t0.valorfee AS valorfee5, t0.tiposervicio AS tiposervicio6, t0.origen AS origen7 FROM Aerolineafee t0 WHERE t0.aerolinea = ? AND t0.tiposervicio = ? AND t0.tipoaerolinea = ? AND t0.esPredeterminada = ? AND t0.origen = ? LIMIT 1 ["13","E","I","0","F"] []
[2017-10-06 13:38:30] app.ERROR: feeAerolineaExiste {"fee":5,"aerolinea":"13"} []
[2017-10-06 13:38:30] app.ERROR: feeTotales {"fee":5,"feeEmergente":0} []
[2017-10-06 13:38:30] doctrine.DEBUG: SELECT t1.username AS username2, t1.username_canonical AS username_canonical3, t1.email AS email4, t1.email_canonical AS email_canonical5, t1.enabled AS enabled6, t1.salt AS salt7, t1.password AS password8, t1.last_login AS last_login9, t1.locked AS locked10, t1.expired AS expired11, t1.expires_at AS expires_at12, t1.confirmation_token AS confirmation_token13, t1.password_requested_at AS password_requested_at14, t1.roles AS roles15, t1.credentials_expired AS credentials_expired16, t1.credentials_expire_at AS credentials_expire_at17, t1.id AS id18, t1.nombre AS nombre19, t1.apellidos AS apellidos20, t1.ci AS ci21, t1.foto AS foto22, t1.sexo AS sexo23, t1.celular AS celular24, t1.telefono AS telefono25, t1.ext AS ext26, t0.agencia AS agencia27, t0.agencia AS agencia28, t1.tipo FROM Agente t0 INNER JOIN fos_user t1 ON t0.id = t1.id WHERE t1.id = ? ["744"] []
[2017-10-06 13:38:30] doctrine.DEBUG: SELECT t0.id AS id1, t0.ruc AS ruc2, t0.direccion AS direccion3, t0.telefono AS telefono4, t0.razonsocial AS razonsocial5, t0.email AS email6, t0.representante AS representante7, t0.logo AS logo8, t0.ciudad AS ciudad9, t0.matriz AS matriz10 FROM Empresa t0 WHERE t0.id = ? ["6"] []
[2017-10-06 13:38:30] doctrine.DEBUG: SELECT t0.id AS id1, t0.nombre AS nombre2, t0.descripcion AS descripcion3 FROM Gds t0 WHERE t0.id = ? ["1"] []
[2017-10-06 13:38:30] doctrine.DEBUG: SELECT t0.id AS id1, t0.nombre AS nombre2, t0.icono AS icono3, t0.descripcion AS descripcion4 FROM Estadoorden t0 WHERE t0.id = ? [2] []
[2017-10-06 13:38:30] doctrine.DEBUG: SELECT t0.id AS id1, t0.nombre AS nombre2, t0.descripcion AS descripcion3, t0.tiempoPrimeraAlerta AS tiempoPrimeraAlerta4, t0.feeEmergencia AS feeEmergencia5, t0.tiempoSegundaAlerta AS tiempoSegundaAlerta6, t0.tiempoRespuestaPlanPiloto AS tiempoRespuestaPlanPiloto7, t0.tiempoRespuestaNormal AS tiempoRespuestaNormal8, t0.emailViaticos AS emailViaticos9, t0.emailVacaciones AS emailVacaciones10, t0.activa AS activa11, t0.tiempoAnulacion AS tiempoAnulacion12, t0.tiempoEmision AS tiempoEmision13, t0.inicioHorarioAtencion AS inicioHorarioAtencion14, t0.finHorarioAtencion AS finHorarioAtencion15, t0.tiempoRevision AS tiempoRevision16, t0.fomaPagoCash AS fomaPagoCash17, t0.fomaPagoPlanPiloto AS fomaPagoPlanPiloto18, t0.fomaPagoVtc AS fomaPagoVtc19, t0.local AS local20, t0.remota AS remota21, t0.tiempoPorPasajero AS tiempoPorPasajero22, t0.ponderacionPlanPiloto AS ponderacionPlanPiloto23, t0.ponderacionNoPlanPiloto AS ponderacionNoPlanPiloto24, t0.ponderacionEmision AS ponderacionEmision25, t0.ponderacionRevision AS ponderacionRevision26, t0.ponderacionAnulacion AS ponderacionAnulacion27, t0.ponderacionSVI AS ponderacionSVI28, t0.ponderacionNOSVI AS ponderacionNOSVI29, t0.lastCounter AS lastCounter30, t0.empresa AS empresa31 FROM Configuracion t0 WHERE t0.empresa = ? [6] []
[2017-10-06 13:38:30] doctrine.DEBUG: SELECT f0_.id AS id0, f0_.username AS username1, (SELECT sum(o1_.tiempoProceso) AS dctrn__1 FROM Orden o1_ LEFT JOIN Emision e2_ ON o1_.id = e2_.id LEFT JOIN Revision r3_ ON o1_.id = r3_.id LEFT JOIN Anulacion a4_ ON o1_.id = a4_.id WHERE o1_.usuario = f0_.id AND o1_.estado = 2) AS sclr2 FROM fos_user f0_ LEFT JOIN Agente a5_ ON f0_.id = a5_.id LEFT JOIN Usuariointerno u6_ ON f0_.id = u6_.id INNER JOIN Usuariointerno u7_ INNER JOIN fos_user f8_ ON u7_.id = f8_.id AND (f8_.id = f0_.id) WHERE f0_.roles LIKE '%ROLE_COUNTER%' AND f0_.enabled = ? AND f8_.locked = ? AND u7_.empresa = ? AND ((? >= u7_.inicioJornada AND ? < u7_.inicioAlmuerzo) OR (? > u7_.finAlmuerzo AND ? <= u7_.finJornada)) ORDER BY sclr2 ASC [true,false,6,"13:38:30","13:38:30","13:38:30","13:38:30"] []
[2017-10-06 13:38:30] doctrine.DEBUG: SELECT t1.username AS username2, t1.username_canonical AS username_canonical3, t1.email AS email4, t1.email_canonical AS email_canonical5, t1.enabled AS enabled6, t1.salt AS salt7, t1.password AS password8, t1.last_login AS last_login9, t1.locked AS locked10, t1.expired AS expired11, t1.expires_at AS expires_at12, t1.confirmation_token AS confirmation_token13, t1.password_requested_at AS password_requested_at14, t1.roles AS roles15, t1.credentials_expired AS credentials_expired16, t1.credentials_expire_at AS credentials_expire_at17, t1.id AS id18, t1.nombre AS nombre19, t1.apellidos AS apellidos20, t1.ci AS ci21, t1.foto AS foto22, t1.sexo AS sexo23, t1.celular AS celular24, t1.telefono AS telefono25, t1.ext AS ext26, t0.inicioAlmuerzo AS inicioAlmuerzo27, t0.finAlmuerzo AS finAlmuerzo28, t0.inicioJornada AS inicioJornada29, t0.finJornada AS finJornada30, t0.jefe AS jefe31, t0.empresa AS empresa32, t1.tipo FROM Usuariointerno t0 INNER JOIN fos_user t1 ON t0.id = t1.id WHERE t1.id = ? [6] []
[2017-10-06 13:38:30] doctrine.DEBUG: "START TRANSACTION" [] []
[2017-10-06 13:38:30] doctrine.DEBUG: INSERT INTO Traza (action, logged_at, object_id, object_class, version, data, username) VALUES (?, ?, ?, ?, ?, ?, ?) {"1":"create","2":"2017-10-06 13:38:30","3":null,"4":"aplicacion\\EmisionesBundle [...]","5":1,"6":{"fecha":"2017-10-06 13:38:30","horaAsignacion":"2017-10-06 13:38:30","procesedAt":null,"slaIncumplido":false,"numeroOrden":"1710069043","procesadaEmergencia":false,"numPasajeros":"8","tipoBoleto":"internacional","comentario":null,"recordGds":"121121","recordNew":null,"tourcode":"WQWQWQWQW","feeServicios":5,"feeEmergenciaServicios":0,"numerodeboletos":"33","numerosDeBoleto":null,"agente":{"id":744},"usuario":{"id":6},"estado":{"id":2},"empresa":{"id":6},"gds":{"id":1},"ciudadDestino":{"id":1},"reservaPnr":"123123123123123123123","tarifaReserva":"313131313123"},"7":null} []
[2017-10-06 13:38:30] doctrine.DEBUG: INSERT INTO Orden (fecha, horaAsignacion, procesedAt, tiempoRealProcesamiento, slaIncumplido, numero_orden, prioridad, procesadaEmergencia, numPasajeros, tipo_boleto, comentario, record_gds, record_new, tourcode, tiempoProceso, fee_servicios, feeemergencia_servicios, observaciones, detalleAprobacion, aprobadoCaja, modificadoSupervisorCobros, adjunto, tipoPago, numerodeboletos, numerosdeboleto, agente, usuario, estado, empresa, gds, ciudadDestino, tipo) VALUES (?, ?, ?, ?, ?, ?, ?, ?, ?, ?, ?, ?, ?, ?, ?, ?, ?, ?, ?, ?, ?, ?, ?, ?, ?, ?, ?, ?, ?, ?, ?, ?) {"1":"2017-10-06 13:38:30","2":"2017-10-06 13:38:30","3":null,"4":0,"5":false,"6":"1710069043","7":"5","8":false,"9":"8","10":"internacional","11":null,"12":"121121","13":null,"14":"WQWQWQWQW","15":1200,"16":5,"17":0,"18":"123123123123","19":null,"20":"No Conciliada","21":false,"22":"(binary value)","23":"Cash","24":"33","25":null,"26":744,"27":6,"28":2,"29":6,"30":1,"31":1,"32":"emision"} []
[2017-10-06 13:38:30] doctrine.DEBUG: INSERT INTO Emision (id, reserva_pnr, tarifa_reserva) VALUES (?, ?, ?) {"1":182993,"2":"123123123123123123123","3":"313131313123"} []
[2017-10-06 13:38:30] doctrine.DEBUG: INSERT INTO Formapago (orden, tipo) VALUES (?, ?) {"1":182993,"2":"Pago Directo"} []
[2017-10-06 13:38:30] doctrine.DEBUG: INSERT INTO Pagodirecto (id, tipo_pago, valor) VALUES (?, ?, ?) {"1":223927,"2":"efectivo","3":"3123123"} []
[2017-10-06 13:38:30] doctrine.DEBUG: UPDATE Traza SET object_id = ? WHERE id = ? [182993,409750] []
[2017-10-06 13:38:30] doctrine.DEBUG: "COMMIT" [] []
[2017-10-06 13:38:30] security.DEBUG: Write SecurityContext in the session [] []
[2017-10-06 13:38:30] event.DEBUG: Notified event "kernel.response" to listener "Symfony\Component\Security\Http\Firewall\ContextListener::onKernelResponse". [] []
[2017-10-06 13:38:30] event.DEBUG: Notified event "kernel.response" to listener "Symfony\Component\HttpKernel\EventListener\ResponseListener::onKernelResponse". [] []
[2017-10-06 13:38:30] event.DEBUG: Notified event "kernel.response" to listener "Symfony\Component\Security\Http\RememberMe\ResponseListener::onKernelResponse". [] []
[2017-10-06 13:38:30] event.DEBUG: Notified event "kernel.response" to listener "Sensio\Bundle\FrameworkExtraBundle\EventListener\HttpCacheListener::onKernelResponse". [] []
[2017-10-06 13:38:30] event.DEBUG: Notified event "kernel.response" to listener "Symfony\Component\HttpKernel\EventListener\StreamedResponseListener::onKernelResponse". [] []
[2017-10-06 13:38:30] event.DEBUG: Notified event "kernel.finish_request" to listener "Symfony\Component\HttpKernel\EventListener\LocaleListener::onKernelFinishRequest". [] []
[2017-10-06 13:38:30] event.DEBUG: Notified event "kernel.finish_request" to listener "Symfony\Component\HttpKernel\EventListener\RouterListener::onKernelFinishRequest". [] []
[2017-10-06 13:38:30] event.DEBUG: Notified event "kernel.finish_request" to listener "Symfony\Component\Security\Http\Firewall::onKernelFinishRequest". [] []
[2017-10-06 13:38:30] event.DEBUG: Notified event "kernel.terminate" to listener "Symfony\Bundle\SwiftmailerBundle\EventListener\EmailSenderListener::onTerminate". [] []
[2017-10-06 13:44:25] request.INFO: Matched route "EmisionesBundle_Cyborg_Save" (parameters: "_controller": "aplicacion\EmisionesBundle\Controller\CyborgController::saveAction", "_route": "EmisionesBundle_Cyborg_Save") [] []
[2017-10-06 13:44:25] security.INFO: Populated SecurityContext with an anonymous Token [] []
[2017-10-06 13:44:25] event.DEBUG: Notified event "kernel.request" to listener "Symfony\Component\HttpKernel\EventListener\ErrorsLoggerListener::injectLogger". [] []
[2017-10-06 13:44:25] event.DEBUG: Notified event "kernel.request" to listener "Symfony\Component\HttpKernel\EventListener\ErrorsLoggerListener::injectLogger". [] []
[2017-10-06 13:44:25] event.DEBUG: Notified event "kernel.request" to listener "Symfony\Component\HttpKernel\EventListener\ErrorsLoggerListener::injectLogger". [] []
[2017-10-06 13:44:25] event.DEBUG: Notified event "kernel.request" to listener "Symfony\Component\HttpKernel\EventListener\DebugHandlersListener::configure". [] []
[2017-10-06 13:44:25] event.DEBUG: Notified event "kernel.request" to listener "Symfony\Bundle\FrameworkBundle\EventListener\SessionListener::onKernelRequest". [] []
[2017-10-06 13:44:25] event.DEBUG: Notified event "kernel.request" to listener "Symfony\Component\HttpKernel\EventListener\FragmentListener::onKernelRequest". [] []
[2017-10-06 13:44:25] event.DEBUG: Notified event "kernel.request" to listener "Symfony\Component\HttpKernel\EventListener\RouterListener::onKernelRequest". [] []
[2017-10-06 13:44:25] event.DEBUG: Notified event "kernel.request" to listener "Symfony\Component\HttpKernel\EventListener\LocaleListener::onKernelRequest". [] []
[2017-10-06 13:44:25] event.DEBUG: Notified event "kernel.request" to listener "Symfony\Component\Security\Http\Firewall::onKernelRequest". [] []
[2017-10-06 13:44:25] event.DEBUG: Notified event "kernel.request" to listener "Stof\DoctrineExtensionsBundle\EventListener\LoggerListener::onKernelRequest". [] []
[2017-10-06 13:44:25] event.DEBUG: Notified event "kernel.controller" to listener "Sensio\Bundle\FrameworkExtraBundle\EventListener\ControllerListener::onKernelController". [] []
[2017-10-06 13:44:25] event.DEBUG: Notified event "kernel.controller" to listener "Sensio\Bundle\FrameworkExtraBundle\EventListener\ParamConverterListener::onKernelController". [] []
[2017-10-06 13:44:25] event.DEBUG: Notified event "kernel.controller" to listener "Sensio\Bundle\FrameworkExtraBundle\EventListener\HttpCacheListener::onKernelController". [] []
[2017-10-06 13:44:25] event.DEBUG: Notified event "kernel.controller" to listener "Sensio\Bundle\FrameworkExtraBundle\EventListener\SecurityListener::onKernelController". [] []
[2017-10-06 13:44:25] event.DEBUG: Notified event "kernel.controller" to listener "Sensio\Bundle\FrameworkExtraBundle\EventListener\TemplateListener::onKernelController". [] []
[2017-10-06 13:44:25] app.ERROR: procesadaEmergencia {"procesadaEmergencia":"0"} []
[2017-10-06 13:44:25] app.ERROR: aerolineaFee {"aerolineaFee":"14"} []
[2017-10-06 13:44:25] app.ERROR: tipoServicio {"tipoServicio":"EMISION"} []
[2017-10-06 13:44:25] app.ERROR: tipoBoleto {"tipoBoleto":"nacional"} []
[2017-10-06 13:44:25] app.ERROR: EMISION {"EMISION":"EMISION"} []
[2017-10-06 13:44:25] doctrine.DEBUG: SELECT t0.id AS id1, t0.aerolinea AS aerolinea2, t0.tipoaerolinea AS tipoaerolinea3, t0.esPredeterminada AS esPredeterminada4, t0.valorfee AS valorfee5, t0.tiposervicio AS tiposervicio6, t0.origen AS origen7 FROM Aerolineafee t0 WHERE t0.aerolinea = ? AND t0.tiposervicio = ? AND t0.tipoaerolinea = ? AND t0.esPredeterminada = ? AND t0.origen = ? LIMIT 1 ["14","E","N","0","F"] []
[2017-10-06 13:44:25] app.ERROR: feeAerolineaExiste {"fee":10,"aerolinea":"14"} []
[2017-10-06 13:44:25] app.ERROR: feeTotales {"fee":10,"feeEmergente":0} []
[2017-10-06 13:44:25] doctrine.DEBUG: SELECT t1.username AS username2, t1.username_canonical AS username_canonical3, t1.email AS email4, t1.email_canonical AS email_canonical5, t1.enabled AS enabled6, t1.salt AS salt7, t1.password AS password8, t1.last_login AS last_login9, t1.locked AS locked10, t1.expired AS expired11, t1.expires_at AS expires_at12, t1.confirmation_token AS confirmation_token13, t1.password_requested_at AS password_requested_at14, t1.roles AS roles15, t1.credentials_expired AS credentials_expired16, t1.credentials_expire_at AS credentials_expire_at17, t1.id AS id18, t1.nombre AS nombre19, t1.apellidos AS apellidos20, t1.ci AS ci21, t1.foto AS foto22, t1.sexo AS sexo23, t1.celular AS celular24, t1.telefono AS telefono25, t1.ext AS ext26, t0.agencia AS agencia27, t0.agencia AS agencia28, t1.tipo FROM Agente t0 INNER JOIN fos_user t1 ON t0.id = t1.id WHERE t1.id = ? ["744"] []
[2017-10-06 13:44:26] doctrine.DEBUG: SELECT t0.id AS id1, t0.ruc AS ruc2, t0.direccion AS direccion3, t0.telefono AS telefono4, t0.razonsocial AS razonsocial5, t0.email AS email6, t0.representante AS representante7, t0.logo AS logo8, t0.ciudad AS ciudad9, t0.matriz AS matriz10 FROM Empresa t0 WHERE t0.id = ? ["6"] []
[2017-10-06 13:44:26] doctrine.DEBUG: SELECT t0.id AS id1, t0.nombre AS nombre2, t0.descripcion AS descripcion3 FROM Gds t0 WHERE t0.id = ? ["1"] []
[2017-10-06 13:44:26] doctrine.DEBUG: SELECT t0.id AS id1, t0.nombre AS nombre2, t0.icono AS icono3, t0.descripcion AS descripcion4 FROM Estadoorden t0 WHERE t0.id = ? [2] []
[2017-10-06 13:44:26] doctrine.DEBUG: SELECT t0.id AS id1, t0.nombre AS nombre2, t0.descripcion AS descripcion3, t0.tiempoPrimeraAlerta AS tiempoPrimeraAlerta4, t0.feeEmergencia AS feeEmergencia5, t0.tiempoSegundaAlerta AS tiempoSegundaAlerta6, t0.tiempoRespuestaPlanPiloto AS tiempoRespuestaPlanPiloto7, t0.tiempoRespuestaNormal AS tiempoRespuestaNormal8, t0.emailViaticos AS emailViaticos9, t0.emailVacaciones AS emailVacaciones10, t0.activa AS activa11, t0.tiempoAnulacion AS tiempoAnulacion12, t0.tiempoEmision AS tiempoEmision13, t0.inicioHorarioAtencion AS inicioHorarioAtencion14, t0.finHorarioAtencion AS finHorarioAtencion15, t0.tiempoRevision AS tiempoRevision16, t0.fomaPagoCash AS fomaPagoCash17, t0.fomaPagoPlanPiloto AS fomaPagoPlanPiloto18, t0.fomaPagoVtc AS fomaPagoVtc19, t0.local AS local20, t0.remota AS remota21, t0.tiempoPorPasajero AS tiempoPorPasajero22, t0.ponderacionPlanPiloto AS ponderacionPlanPiloto23, t0.ponderacionNoPlanPiloto AS ponderacionNoPlanPiloto24, t0.ponderacionEmision AS ponderacionEmision25, t0.ponderacionRevision AS ponderacionRevision26, t0.ponderacionAnulacion AS ponderacionAnulacion27, t0.ponderacionSVI AS ponderacionSVI28, t0.ponderacionNOSVI AS ponderacionNOSVI29, t0.lastCounter AS lastCounter30, t0.empresa AS empresa31 FROM Configuracion t0 WHERE t0.empresa = ? [6] []
[2017-10-06 13:44:26] doctrine.DEBUG: SELECT f0_.id AS id0, f0_.username AS username1, (SELECT sum(o1_.tiempoProceso) AS dctrn__1 FROM Orden o1_ LEFT JOIN Emision e2_ ON o1_.id = e2_.id LEFT JOIN Revision r3_ ON o1_.id = r3_.id LEFT JOIN Anulacion a4_ ON o1_.id = a4_.id WHERE o1_.usuario = f0_.id AND o1_.estado = 2) AS sclr2 FROM fos_user f0_ LEFT JOIN Agente a5_ ON f0_.id = a5_.id LEFT JOIN Usuariointerno u6_ ON f0_.id = u6_.id INNER JOIN Usuariointerno u7_ INNER JOIN fos_user f8_ ON u7_.id = f8_.id AND (f8_.id = f0_.id) WHERE f0_.roles LIKE '%ROLE_COUNTER%' AND f0_.enabled = ? AND f8_.locked = ? AND u7_.empresa = ? AND ((? >= u7_.inicioJornada AND ? < u7_.inicioAlmuerzo) OR (? > u7_.finAlmuerzo AND ? <= u7_.finJornada)) ORDER BY sclr2 ASC [true,false,6,"13:44:26","13:44:26","13:44:26","13:44:26"] []
[2017-10-06 13:44:26] doctrine.DEBUG: SELECT t1.username AS username2, t1.username_canonical AS username_canonical3, t1.email AS email4, t1.email_canonical AS email_canonical5, t1.enabled AS enabled6, t1.salt AS salt7, t1.password AS password8, t1.last_login AS last_login9, t1.locked AS locked10, t1.expired AS expired11, t1.expires_at AS expires_at12, t1.confirmation_token AS confirmation_token13, t1.password_requested_at AS password_requested_at14, t1.roles AS roles15, t1.credentials_expired AS credentials_expired16, t1.credentials_expire_at AS credentials_expire_at17, t1.id AS id18, t1.nombre AS nombre19, t1.apellidos AS apellidos20, t1.ci AS ci21, t1.foto AS foto22, t1.sexo AS sexo23, t1.celular AS celular24, t1.telefono AS telefono25, t1.ext AS ext26, t0.inicioAlmuerzo AS inicioAlmuerzo27, t0.finAlmuerzo AS finAlmuerzo28, t0.inicioJornada AS inicioJornada29, t0.finJornada AS finJornada30, t0.jefe AS jefe31, t0.empresa AS empresa32, t1.tipo FROM Usuariointerno t0 INNER JOIN fos_user t1 ON t0.id = t1.id WHERE t1.id = ? [7] []
[2017-10-06 13:44:26] doctrine.DEBUG: "START TRANSACTION" [] []
[2017-10-06 13:44:26] doctrine.DEBUG: INSERT INTO Traza (action, logged_at, object_id, object_class, version, data, username) VALUES (?, ?, ?, ?, ?, ?, ?) {"1":"create","2":"2017-10-06 13:44:26","3":null,"4":"aplicacion\\EmisionesBundle [...]","5":1,"6":{"fecha":"2017-10-06 13:44:26","horaAsignacion":"2017-10-06 13:44:26","procesedAt":null,"slaIncumplido":false,"numeroOrden":"1710069044","procesadaEmergencia":false,"numPasajeros":"3","tipoBoleto":"nacional","comentario":null,"recordGds":"121212","recordNew":null,"tourcode":"Q2W121212","feeServicios":10,"feeEmergenciaServicios":0,"numerodeboletos":"33","numerosDeBoleto":null,"agente":{"id":744},"usuario":{"id":7},"estado":{"id":2},"empresa":{"id":6},"gds":{"id":1},"ciudadDestino":{"id":1},"reservaPnr":"w3231231231231231231231231231","tarifaReserva":"31324234234234234234234234324234234234"},"7":null} []
[2017-10-06 13:44:26] doctrine.DEBUG: INSERT INTO Orden (fecha, horaAsignacion, procesedAt, tiempoRealProcesamiento, slaIncumplido, numero_orden, prioridad, procesadaEmergencia, numPasajeros, tipo_boleto, comentario, record_gds, record_new, tourcode, tiempoProceso, fee_servicios, feeemergencia_servicios, observaciones, detalleAprobacion, aprobadoCaja, modificadoSupervisorCobros, adjunto, tipoPago, numerodeboletos, numerosdeboleto, aerolinea, agente, usuario, estado, empresa, gds, ciudadDestino, tipo) VALUES (?, ?, ?, ?, ?, ?, ?, ?, ?, ?, ?, ?, ?, ?, ?, ?, ?, ?, ?, ?, ?, ?, ?, ?, ?, ?, ?, ?, ?, ?, ?, ?, ?) {"1":"2017-10-06 13:44:26","2":"2017-10-06 13:44:26","3":null,"4":0,"5":false,"6":"1710069044","7":"5","8":false,"9":"3","10":"nacional","11":null,"12":"121212","13":null,"14":"Q2W121212","15":600,"16":10,"17":0,"18":"weqweew","19":null,"20":"No Conciliada","21":false,"22":"(binary value)","23":"Cash","24":"33","25":null,"26":"14","27":744,"28":7,"29":2,"30":6,"31":1,"32":1,"33":"emision"} []
[2017-10-06 13:44:26] doctrine.DEBUG: INSERT INTO Emision (id, reserva_pnr, tarifa_reserva) VALUES (?, ?, ?) {"1":182994,"2":"w3231231231231231231231231231","3":"31324234234234234234234234 [...]"} []
[2017-10-06 13:44:26] doctrine.DEBUG: INSERT INTO Formapago (orden, tipo) VALUES (?, ?) {"1":182994,"2":"Pago Directo"} []
[2017-10-06 13:44:26] doctrine.DEBUG: INSERT INTO Pagodirecto (id, tipo_pago, valor) VALUES (?, ?, ?) {"1":223928,"2":"efectivo","3":"2323"} []
[2017-10-06 13:44:26] doctrine.DEBUG: UPDATE Traza SET object_id = ? WHERE id = ? [182994,409751] []
[2017-10-06 13:44:26] doctrine.DEBUG: "COMMIT" [] []
[2017-10-06 13:44:26] security.DEBUG: Write SecurityContext in the session [] []
[2017-10-06 13:44:26] event.DEBUG: Notified event "kernel.response" to listener "Symfony\Component\Security\Http\Firewall\ContextListener::onKernelResponse". [] []
[2017-10-06 13:44:26] event.DEBUG: Notified event "kernel.response" to listener "Symfony\Component\HttpKernel\EventListener\ResponseListener::onKernelResponse". [] []
[2017-10-06 13:44:26] event.DEBUG: Notified event "kernel.response" to listener "Symfony\Component\Security\Http\RememberMe\ResponseListener::onKernelResponse". [] []
[2017-10-06 13:44:26] event.DEBUG: Notified event "kernel.response" to listener "Sensio\Bundle\FrameworkExtraBundle\EventListener\HttpCacheListener::onKernelResponse". [] []
[2017-10-06 13:44:26] event.DEBUG: Notified event "kernel.response" to listener "Symfony\Component\HttpKernel\EventListener\StreamedResponseListener::onKernelResponse". [] []
[2017-10-06 13:44:26] event.DEBUG: Notified event "kernel.finish_request" to listener "Symfony\Component\HttpKernel\EventListener\LocaleListener::onKernelFinishRequest". [] []
[2017-10-06 13:44:26] event.DEBUG: Notified event "kernel.finish_request" to listener "Symfony\Component\HttpKernel\EventListener\RouterListener::onKernelFinishRequest". [] []
[2017-10-06 13:44:26] event.DEBUG: Notified event "kernel.finish_request" to listener "Symfony\Component\Security\Http\Firewall::onKernelFinishRequest". [] []
[2017-10-06 13:44:26] event.DEBUG: Notified event "kernel.terminate" to listener "Symfony\Bundle\SwiftmailerBundle\EventListener\EmailSenderListener::onTerminate". [] []
[2017-10-06 13:58:17] request.INFO: Matched route "EmisionesBundle_Cyborg_Save" (parameters: "_controller": "aplicacion\EmisionesBundle\Controller\CyborgController::saveAction", "_route": "EmisionesBundle_Cyborg_Save") [] []
[2017-10-06 13:58:17] security.INFO: Populated SecurityContext with an anonymous Token [] []
[2017-10-06 13:58:17] event.DEBUG: Notified event "kernel.request" to listener "Symfony\Component\HttpKernel\EventListener\ErrorsLoggerListener::injectLogger". [] []
[2017-10-06 13:58:17] event.DEBUG: Notified event "kernel.request" to listener "Symfony\Component\HttpKernel\EventListener\ErrorsLoggerListener::injectLogger". [] []
[2017-10-06 13:58:17] event.DEBUG: Notified event "kernel.request" to listener "Symfony\Component\HttpKernel\EventListener\ErrorsLoggerListener::injectLogger". [] []
[2017-10-06 13:58:17] event.DEBUG: Notified event "kernel.request" to listener "Symfony\Component\HttpKernel\EventListener\DebugHandlersListener::configure". [] []
[2017-10-06 13:58:17] event.DEBUG: Notified event "kernel.request" to listener "Symfony\Bundle\FrameworkBundle\EventListener\SessionListener::onKernelRequest". [] []
[2017-10-06 13:58:17] event.DEBUG: Notified event "kernel.request" to listener "Symfony\Component\HttpKernel\EventListener\FragmentListener::onKernelRequest". [] []
[2017-10-06 13:58:17] event.DEBUG: Notified event "kernel.request" to listener "Symfony\Component\HttpKernel\EventListener\RouterListener::onKernelRequest". [] []
[2017-10-06 13:58:17] event.DEBUG: Notified event "kernel.request" to listener "Symfony\Component\HttpKernel\EventListener\LocaleListener::onKernelRequest". [] []
[2017-10-06 13:58:17] event.DEBUG: Notified event "kernel.request" to listener "Symfony\Component\Security\Http\Firewall::onKernelRequest". [] []
[2017-10-06 13:58:17] event.DEBUG: Notified event "kernel.request" to listener "Stof\DoctrineExtensionsBundle\EventListener\LoggerListener::onKernelRequest". [] []
[2017-10-06 13:58:17] event.DEBUG: Notified event "kernel.controller" to listener "Sensio\Bundle\FrameworkExtraBundle\EventListener\ControllerListener::onKernelController". [] []
[2017-10-06 13:58:17] event.DEBUG: Notified event "kernel.controller" to listener "Sensio\Bundle\FrameworkExtraBundle\EventListener\ParamConverterListener::onKernelController". [] []
[2017-10-06 13:58:17] event.DEBUG: Notified event "kernel.controller" to listener "Sensio\Bundle\FrameworkExtraBundle\EventListener\HttpCacheListener::onKernelController". [] []
[2017-10-06 13:58:17] event.DEBUG: Notified event "kernel.controller" to listener "Sensio\Bundle\FrameworkExtraBundle\EventListener\SecurityListener::onKernelController". [] []
[2017-10-06 13:58:17] event.DEBUG: Notified event "kernel.controller" to listener "Sensio\Bundle\FrameworkExtraBundle\EventListener\TemplateListener::onKernelController". [] []
[2017-10-06 13:58:17] app.ERROR: procesadaEmergencia {"procesadaEmergencia":"0"} []
[2017-10-06 13:58:17] app.ERROR: aerolineaFee {"aerolineaFee":"13"} []
[2017-10-06 13:58:17] app.ERROR: tipoServicio {"tipoServicio":"EMISION"} []
[2017-10-06 13:58:17] app.ERROR: tipoBoleto {"tipoBoleto":"internacional"} []
[2017-10-06 13:58:17] app.ERROR: EMISION {"EMISION":"EMISION"} []
[2017-10-06 13:58:17] doctrine.DEBUG: SELECT t0.id AS id1, t0.aerolinea AS aerolinea2, t0.tipoaerolinea AS tipoaerolinea3, t0.esPredeterminada AS esPredeterminada4, t0.valorfee AS valorfee5, t0.tiposervicio AS tiposervicio6, t0.origen AS origen7 FROM Aerolineafee t0 WHERE t0.aerolinea = ? AND t0.tiposervicio = ? AND t0.tipoaerolinea = ? AND t0.esPredeterminada = ? AND t0.origen = ? LIMIT 1 ["13","E","I","0","F"] []
[2017-10-06 13:58:17] app.ERROR: feeAerolineaExiste {"fee":5,"aerolinea":"13"} []
[2017-10-06 13:58:17] app.ERROR: feeTotales {"fee":5,"feeEmergente":0} []
[2017-10-06 13:58:17] doctrine.DEBUG: SELECT t1.username AS username2, t1.username_canonical AS username_canonical3, t1.email AS email4, t1.email_canonical AS email_canonical5, t1.enabled AS enabled6, t1.salt AS salt7, t1.password AS password8, t1.last_login AS last_login9, t1.locked AS locked10, t1.expired AS expired11, t1.expires_at AS expires_at12, t1.confirmation_token AS confirmation_token13, t1.password_requested_at AS password_requested_at14, t1.roles AS roles15, t1.credentials_expired AS credentials_expired16, t1.credentials_expire_at AS credentials_expire_at17, t1.id AS id18, t1.nombre AS nombre19, t1.apellidos AS apellidos20, t1.ci AS ci21, t1.foto AS foto22, t1.sexo AS sexo23, t1.celular AS celular24, t1.telefono AS telefono25, t1.ext AS ext26, t0.agencia AS agencia27, t0.agencia AS agencia28, t1.tipo FROM Agente t0 INNER JOIN fos_user t1 ON t0.id = t1.id WHERE t1.id = ? ["744"] []
[2017-10-06 13:58:17] doctrine.DEBUG: SELECT t0.id AS id1, t0.ruc AS ruc2, t0.direccion AS direccion3, t0.telefono AS telefono4, t0.razonsocial AS razonsocial5, t0.email AS email6, t0.representante AS representante7, t0.logo AS logo8, t0.ciudad AS ciudad9, t0.matriz AS matriz10 FROM Empresa t0 WHERE t0.id = ? ["6"] []
[2017-10-06 13:58:17] doctrine.DEBUG: SELECT t0.id AS id1, t0.nombre AS nombre2, t0.descripcion AS descripcion3 FROM Gds t0 WHERE t0.id = ? ["1"] []
[2017-10-06 13:58:17] doctrine.DEBUG: SELECT t0.id AS id1, t0.nombre AS nombre2, t0.icono AS icono3, t0.descripcion AS descripcion4 FROM Estadoorden t0 WHERE t0.id = ? [2] []
[2017-10-06 13:58:17] doctrine.DEBUG: SELECT t0.id AS id1, t0.nombre AS nombre2, t0.descripcion AS descripcion3, t0.tiempoPrimeraAlerta AS tiempoPrimeraAlerta4, t0.feeEmergencia AS feeEmergencia5, t0.tiempoSegundaAlerta AS tiempoSegundaAlerta6, t0.tiempoRespuestaPlanPiloto AS tiempoRespuestaPlanPiloto7, t0.tiempoRespuestaNormal AS tiempoRespuestaNormal8, t0.emailViaticos AS emailViaticos9, t0.emailVacaciones AS emailVacaciones10, t0.activa AS activa11, t0.tiempoAnulacion AS tiempoAnulacion12, t0.tiempoEmision AS tiempoEmision13, t0.inicioHorarioAtencion AS inicioHorarioAtencion14, t0.finHorarioAtencion AS finHorarioAtencion15, t0.tiempoRevision AS tiempoRevision16, t0.fomaPagoCash AS fomaPagoCash17, t0.fomaPagoPlanPiloto AS fomaPagoPlanPiloto18, t0.fomaPagoVtc AS fomaPagoVtc19, t0.local AS local20, t0.remota AS remota21, t0.tiempoPorPasajero AS tiempoPorPasajero22, t0.ponderacionPlanPiloto AS ponderacionPlanPiloto23, t0.ponderacionNoPlanPiloto AS ponderacionNoPlanPiloto24, t0.ponderacionEmision AS ponderacionEmision25, t0.ponderacionRevision AS ponderacionRevision26, t0.ponderacionAnulacion AS ponderacionAnulacion27, t0.ponderacionSVI AS ponderacionSVI28, t0.ponderacionNOSVI AS ponderacionNOSVI29, t0.lastCounter AS lastCounter30, t0.empresa AS empresa31 FROM Configuracion t0 WHERE t0.empresa = ? [6] []
[2017-10-06 13:58:17] doctrine.DEBUG: SELECT f0_.id AS id0, f0_.username AS username1, (SELECT sum(o1_.tiempoProceso) AS dctrn__1 FROM Orden o1_ LEFT JOIN Emision e2_ ON o1_.id = e2_.id LEFT JOIN Revision r3_ ON o1_.id = r3_.id LEFT JOIN Anulacion a4_ ON o1_.id = a4_.id WHERE o1_.usuario = f0_.id AND o1_.estado = 2) AS sclr2 FROM fos_user f0_ LEFT JOIN Agente a5_ ON f0_.id = a5_.id LEFT JOIN Usuariointerno u6_ ON f0_.id = u6_.id INNER JOIN Usuariointerno u7_ INNER JOIN fos_user f8_ ON u7_.id = f8_.id AND (f8_.id = f0_.id) WHERE f0_.roles LIKE '%ROLE_COUNTER%' AND f0_.enabled = ? AND f8_.locked = ? AND u7_.empresa = ? AND ((? >= u7_.inicioJornada AND ? < u7_.inicioAlmuerzo) OR (? > u7_.finAlmuerzo AND ? <= u7_.finJornada)) ORDER BY sclr2 ASC [true,false,6,"13:58:17","13:58:17","13:58:17","13:58:17"] []
[2017-10-06 13:58:17] doctrine.DEBUG: SELECT t1.username AS username2, t1.username_canonical AS username_canonical3, t1.email AS email4, t1.email_canonical AS email_canonical5, t1.enabled AS enabled6, t1.salt AS salt7, t1.password AS password8, t1.last_login AS last_login9, t1.locked AS locked10, t1.expired AS expired11, t1.expires_at AS expires_at12, t1.confirmation_token AS confirmation_token13, t1.password_requested_at AS password_requested_at14, t1.roles AS roles15, t1.credentials_expired AS credentials_expired16, t1.credentials_expire_at AS credentials_expire_at17, t1.id AS id18, t1.nombre AS nombre19, t1.apellidos AS apellidos20, t1.ci AS ci21, t1.foto AS foto22, t1.sexo AS sexo23, t1.celular AS celular24, t1.telefono AS telefono25, t1.ext AS ext26, t0.inicioAlmuerzo AS inicioAlmuerzo27, t0.finAlmuerzo AS finAlmuerzo28, t0.inicioJornada AS inicioJornada29, t0.finJornada AS finJornada30, t0.jefe AS jefe31, t0.empresa AS empresa32, t1.tipo FROM Usuariointerno t0 INNER JOIN fos_user t1 ON t0.id = t1.id WHERE t1.id = ? [521] []
[2017-10-06 13:58:17] doctrine.DEBUG: "START TRANSACTION" [] []
[2017-10-06 13:58:17] doctrine.DEBUG: INSERT INTO Traza (action, logged_at, object_id, object_class, version, data, username) VALUES (?, ?, ?, ?, ?, ?, ?) {"1":"create","2":"2017-10-06 13:58:17","3":null,"4":"aplicacion\\EmisionesBundle [...]","5":1,"6":{"fecha":"2017-10-06 13:58:17","horaAsignacion":"2017-10-06 13:58:17","procesedAt":null,"slaIncumplido":false,"numeroOrden":"1710069045","procesadaEmergencia":false,"numPasajeros":"4","tipoBoleto":"internacional","comentario":null,"recordGds":"121212","recordNew":null,"tourcode":"12121212","feeServicios":5,"feeEmergenciaServicios":0,"numerodeboletos":"33","numerosDeBoleto":null,"agente":{"id":744},"usuario":{"id":521},"estado":{"id":2},"empresa":{"id":6},"gds":{"id":1},"ciudadDestino":{"id":1},"reservaPnr":"232133333333333333333333333333333","tarifaReserva":"22222222222222222222222221"},"7":null} []
[2017-10-06 13:58:17] doctrine.DEBUG: INSERT INTO Orden (fecha, horaAsignacion, procesedAt, tiempoRealProcesamiento, slaIncumplido, numero_orden, prioridad, procesadaEmergencia, numPasajeros, tipo_boleto, comentario, record_gds, record_new, tourcode, tiempoProceso, fee_servicios, feeemergencia_servicios, observaciones, detalleAprobacion, aprobadoCaja, modificadoSupervisorCobros, adjunto, tipoPago, numerodeboletos, numerosdeboleto, aerolinea, agente, usuario, estado, empresa, gds, ciudadDestino, tipo) VALUES (?, ?, ?, ?, ?, ?, ?, ?, ?, ?, ?, ?, ?, ?, ?, ?, ?, ?, ?, ?, ?, ?, ?, ?, ?, ?, ?, ?, ?, ?, ?, ?, ?) {"1":"2017-10-06 13:58:17","2":"2017-10-06 13:58:17","3":null,"4":0,"5":false,"6":"1710069045","7":"5","8":false,"9":"4","10":"internacional","11":null,"12":"121212","13":null,"14":"12121212","15":720,"16":5,"17":0,"18":"233333333333","19":null,"20":"No Conciliada","21":false,"22":"(binary value)","23":"Cash","24":"33","25":null,"26":"13","27":744,"28":521,"29":2,"30":6,"31":1,"32":1,"33":"emision"} []
[2017-10-06 13:58:17] doctrine.DEBUG: INSERT INTO Emision (id, reserva_pnr, tarifa_reserva) VALUES (?, ?, ?) {"1":182995,"2":"23213333333333333333333333 [...]","3":"22222222222222222222222221"} []
[2017-10-06 13:58:17] doctrine.DEBUG: INSERT INTO Formapago (orden, tipo) VALUES (?, ?) {"1":182995,"2":"Pago Directo"} []
[2017-10-06 13:58:17] doctrine.DEBUG: INSERT INTO Pagodirecto (id, tipo_pago, valor) VALUES (?, ?, ?) {"1":223929,"2":"efectivo","3":"222"} []
[2017-10-06 13:58:17] doctrine.DEBUG: UPDATE Traza SET object_id = ? WHERE id = ? [182995,409752] []
[2017-10-06 13:58:17] doctrine.DEBUG: "COMMIT" [] []
[2017-10-06 13:58:17] security.DEBUG: Write SecurityContext in the session [] []
[2017-10-06 13:58:17] event.DEBUG: Notified event "kernel.response" to listener "Symfony\Component\Security\Http\Firewall\ContextListener::onKernelResponse". [] []
[2017-10-06 13:58:17] event.DEBUG: Notified event "kernel.response" to listener "Symfony\Component\HttpKernel\EventListener\ResponseListener::onKernelResponse". [] []
[2017-10-06 13:58:17] event.DEBUG: Notified event "kernel.response" to listener "Symfony\Component\Security\Http\RememberMe\ResponseListener::onKernelResponse". [] []
[2017-10-06 13:58:17] event.DEBUG: Notified event "kernel.response" to listener "Sensio\Bundle\FrameworkExtraBundle\EventListener\HttpCacheListener::onKernelResponse". [] []
[2017-10-06 13:58:17] event.DEBUG: Notified event "kernel.response" to listener "Symfony\Component\HttpKernel\EventListener\StreamedResponseListener::onKernelResponse". [] []
[2017-10-06 13:58:17] event.DEBUG: Notified event "kernel.finish_request" to listener "Symfony\Component\HttpKernel\EventListener\LocaleListener::onKernelFinishRequest". [] []
[2017-10-06 13:58:17] event.DEBUG: Notified event "kernel.finish_request" to listener "Symfony\Component\HttpKernel\EventListener\RouterListener::onKernelFinishRequest". [] []
[2017-10-06 13:58:17] event.DEBUG: Notified event "kernel.finish_request" to listener "Symfony\Component\Security\Http\Firewall::onKernelFinishRequest". [] []
[2017-10-06 13:58:17] event.DEBUG: Notified event "kernel.terminate" to listener "Symfony\Bundle\SwiftmailerBundle\EventListener\EmailSenderListener::onTerminate". [] []
